<?xml version="1.0" encoding="UTF-8"?>
<testng-results ignored="0" total="1" passed="1" failed="0" skipped="0">
  <reporter-output>
  </reporter-output>
  <suite started-at="2021-01-23T15:10:24 IST" name="Default suite" finished-at="2021-01-23T15:10:28 IST" duration-ms="3893">
    <groups>
    </groups>
    <test started-at="2021-01-23T15:10:24 IST" name="Default test" finished-at="2021-01-23T15:10:28 IST" duration-ms="3893">
      <class name="restassuredbyCSPTest.BDDStyleGetRequestWithStaticImport">
        <test-method signature="GetBookingIds_VerifyStatusCode()[pri:0, instance:restassuredbyCSPTest.BDDStyleGetRequestWithStaticImport@8317c52]" started-at="2021-01-23T15:10:24 IST" name="GetBookingIds_VerifyStatusCode" finished-at="2021-01-23T15:10:28 IST" duration-ms="3820" status="PASS">
          <reporter-output>
          </reporter-output>
        </test-method> <!-- GetBookingIds_VerifyStatusCode -->
      </class> <!-- restassuredbyCSPTest.BDDStyleGetRequestWithStaticImport -->
    </test> <!-- Default test -->
  </suite> <!-- Default suite -->
</testng-results>
